Log file open, 11/06/19 17:02:33
LogWindows: Failed to load 'aqProf.dll' (GetLastError=126)
LogWindows: File 'aqProf.dll' does not exist
LogWindows: Failed to load 'VSPerf140.dll' (GetLastError=126)
LogWindows: File 'VSPerf140.dll' does not exist
LogWindows: Failed to load 'VtuneApi.dll' (GetLastError=126)
LogWindows: File 'VtuneApi.dll' does not exist
LogWindows: Failed to load 'VtuneApi32e.dll' (GetLastError=126)
LogWindows: File 'VtuneApi32e.dll' does not exist
LogInit: Display: Running engine for game: DemoCornholeWilliam
LogPlatformFile: Not using cached read wrapper
LogInit: Display: RandInit(1897160455) SRandInit(1897160456).
LogTaskGraph: Started task graph with 5 named threads and 14 total threads with 3 sets of task threads.
LogStats: Stats thread started at 0.276412
LogD3D11RHI: Aftermath initialized
LogPluginManager: Mounting plugin Paper2D
LogPluginManager: Mounting plugin LightPropagationVolume
LogPluginManager: Mounting plugin CodeLiteSourceCodeAccess
LogPluginManager: Mounting plugin GitSourceControl
LogPluginManager: Mounting plugin KDevelopSourceCodeAccess
LogPluginManager: Mounting plugin NullSourceCodeAccess
LogPluginManager: Mounting plugin PerforceSourceControl
LogPluginManager: Mounting plugin SubversionSourceControl
LogPluginManager: Mounting plugin UObjectPlugin
LogPluginManager: Mounting plugin VisualStudioSourceCodeAccess
LogPluginManager: Mounting plugin XCodeSourceCodeAccess
LogPluginManager: Mounting plugin AssetManagerEditor
LogPluginManager: Mounting plugin AudioCapture
LogPluginManager: Mounting plugin FacialAnimation
LogPluginManager: Mounting plugin GameplayTagsEditor
LogPluginManager: Mounting plugin MobileLauncherProfileWizard
LogPluginManager: Mounting plugin PluginBrowser
LogPluginManager: Mounting plugin SpeedTreeImporter
LogPluginManager: Mounting plugin AlembicImporter
LogPluginManager: Mounting plugin CharacterAI
LogPluginManager: Mounting plugin HTML5Networking
LogPluginManager: Mounting plugin AndroidMedia
LogPluginManager: Mounting plugin AvfMedia
LogPluginManager: Mounting plugin MediaPlayerEditor
LogPluginManager: Mounting plugin WmfMedia
LogPluginManager: Mounting plugin TcpMessaging
LogPluginManager: Mounting plugin UdpMessaging
LogPluginManager: Mounting plugin LevelSequenceEditor
LogPluginManager: Mounting plugin MatineeToLevelSequence
LogPluginManager: Mounting plugin OnlineSubsystemGooglePlay
LogPluginManager: Mounting plugin OnlineSubsystemIOS
LogPluginManager: Mounting plugin OnlineSubsystem
LogPluginManager: Mounting plugin OnlineSubsystemNull
LogPluginManager: Mounting plugin OnlineSubsystemUtils
LogPluginManager: Mounting plugin AndroidDeviceProfileSelector
LogPluginManager: Mounting plugin AndroidMoviePlayer
LogPluginManager: Mounting plugin AndroidPermission
LogPluginManager: Mounting plugin AppleMoviePlayer
LogPluginManager: Mounting plugin ArchVisCharacter
LogPluginManager: Mounting plugin CableComponent
LogPluginManager: Mounting plugin CustomMeshComponent
LogPluginManager: Mounting plugin ExampleDeviceProfileSelector
LogPluginManager: Mounting plugin GoogleCloudMessaging
LogPluginManager: Mounting plugin ImmediatePhysics
LogPluginManager: Mounting plugin IOSDeviceProfileSelector
LogPluginManager: Mounting plugin LinuxDeviceProfileSelector
LogPluginManager: Mounting plugin LocationServicesBPLibrary
LogPluginManager: Mounting plugin MobilePatchingUtils
LogPluginManager: Mounting plugin OculusVR
LogPluginManager: Mounting plugin PhysXVehicles
LogPluginManager: Mounting plugin ProceduralMeshComponent
LogPluginManager: Mounting plugin RuntimePhysXCooking
LogPluginManager: Mounting plugin SteamVR
LogPluginManager: Mounting plugin WindowsMoviePlayer
LogInit: Using libcurl 7.47.1
LogInit:  - built for x86_64-pc-win32
LogInit:  - supports SSL with OpenSSL/1.0.2g
LogInit:  - supports HTTP deflate (compression) using libz 1.2.8
LogInit:  - other features:
LogInit:      CURL_VERSION_SSL
LogInit:      CURL_VERSION_LIBZ
LogInit:      CURL_VERSION_IPV6
LogInit:      CURL_VERSION_ASYNCHDNS
LogInit:      CURL_VERSION_LARGEFILE
LogInit:      CURL_VERSION_IDN
LogInit:  CurlRequestOptions (configurable via config and command line):
LogInit:  - bVerifyPeer = false  - Libcurl will NOT verify peer certificate
LogInit:  - bUseHttpProxy = false  - Libcurl will NOT use HTTP proxy
LogInit:  - bDontReuseConnections = false  - Libcurl will reuse connections
LogInit:  - CertBundlePath = nullptr  - Libcurl will use whatever was configured at build time.
LogInit: Build: ++UE4+Release-4.17-CL-3658906
LogInit: Engine Version: 4.17.2-3658906+++UE4+Release-4.17
LogInit: Compatible Engine Version: 4.17.0-3573198+++UE4+Release-4.17
LogInit: Net CL: 3573198
LogDevObjectVersion: Number of dev versions registered: 16
LogDevObjectVersion:   Dev-Blueprints (B0D832E4-1F89-4F0D-ACCF-7EB736FD4AA2): 10
LogDevObjectVersion:   Dev-Build (E1C64328-A22C-4D53-A36C-8E866417BD8C): 0
LogDevObjectVersion:   Dev-Core (375EC13C-06E4-48FB-B500-84F0262A717E): 2
LogDevObjectVersion:   Dev-Editor (E4B068ED-F494-42E9-A231-DA0B2E46BB41): 20
LogDevObjectVersion:   Dev-Framework (CFFC743F-43B0-4480-9391-14DF171D2073): 28
LogDevObjectVersion:   Dev-Mobile (B02B49B5-BB20-44E9-A304-32B752E40360): 0
LogDevObjectVersion:   Dev-Networking (A4E4105C-59A1-49B5-A7C5-40C4547EDFEE): 0
LogDevObjectVersion:   Dev-Online (39C831C9-5AE6-47DC-9A44-9C173E1C8E7C): 0
LogDevObjectVersion:   Dev-Physics (78F01B33-EBEA-4F98-B9B4-84EACCB95AA2): 0
LogDevObjectVersion:   Dev-Platform (6631380F-2D4D-43E0-8009-CF276956A95A): 0
LogDevObjectVersion:   Dev-Rendering (12F88B9F-8875-4AFC-A67C-D90C383ABD29): 19
LogDevObjectVersion:   Dev-Sequencer (7B5AE74C-D270-4C10-A958-57980B212A5A): 4
LogDevObjectVersion:   Dev-VR (D7296918-1DD6-4BDD-9DE2-64A83CC13884): 0
LogDevObjectVersion:   Dev-LoadTimes (C2A15278-BFE7-4AFE-6C17-90FF531DF755): 1
LogDevObjectVersion:   Private-Geometry (6EACA3D4-40EC-4CC1-B786-8BED09428FC5): 1
LogDevObjectVersion:   Dev-AnimPhys (29E575DD-E0A3-4627-9D10-D276232CDCEA): 7
LogInit: Compiled (64-bit): Sep 22 2017 13:47:16
LogInit: Compiled with Visual C++: 19.00.24215.01
LogInit: Build Configuration: Development
LogInit: Branch Name: ++UE4+Release-4.17
LogInit: Command line:  
LogInit: Base directory: C:/Program Files/Epic Games/UE_4.17/Engine/Binaries/Win64/
LogInit: Installed Engine Build: 1
LogInit: Presizing for max 8388607 objects, including 0 objects not considered by GC, pre-allocating 0 bytes for permanent pool.
LogInit: Object subsystem initialized
[2019.11.06-22.02.43:962][  0]LogInit: Selected Device Profile: [Windows]
[2019.11.06-22.02.43:962][  0]LogInit: Applying CVar settings loaded from the selected device profile: [Windows]
[2019.11.06-22.02.44:145][  0]LogInit: Computer: MT330D10
[2019.11.06-22.02.44:145][  0]LogInit: User: delo5
[2019.11.06-22.02.44:145][  0]LogInit: CPU Page size=4096, Cores=4
[2019.11.06-22.02.44:145][  0]LogInit: High frequency timer resolution =3.410071 MHz
[2019.11.06-22.02.44:145][  0]LogMemory: Memory total: Physical=15.9GB (16GB approx)
[2019.11.06-22.02.44:147][  0]LogMemory: Platform Memory Stats for Windows
[2019.11.06-22.02.44:147][  0]LogMemory: Process Physical Memory: 285.43 MB used, 285.43 MB peak
[2019.11.06-22.02.44:147][  0]LogMemory: Process Virtual Memory: 278.25 MB used, 278.25 MB peak
[2019.11.06-22.02.44:147][  0]LogMemory: Physical Memory: 8061.95 MB used,  8244.36 MB free, 16306.31 MB total
[2019.11.06-22.02.44:147][  0]LogMemory: Virtual Memory: 691.38 MB used,  8244.36 MB free, 134217728.00 MB total
[2019.11.06-22.02.49:236][  0]LogInit: Using OS detected language (en-US).
[2019.11.06-22.02.49:236][  0]LogInit: Using OS detected locale (en-US).
[2019.11.06-22.02.49:521][  0]LogTextLocalizationManager: No specific localization for 'en-US' exists, so the 'en' localization will be used.
[2019.11.06-22.02.58:304][  0]LogD3D11RHI: D3D11 adapters:
[2019.11.06-22.02.58:585][  0]LogD3D11RHI:    0. 'NVIDIA GeForce GTX 1070' (Feature Level 11_0)
[2019.11.06-22.02.58:586][  0]LogD3D11RHI:       8088/0/8153 MB DedicatedVideo/DedicatedSystem/SharedSystem, Outputs:2, VendorId:0x10de
[2019.11.06-22.02.58:605][  0]LogD3D11RHI:    1. 'Microsoft Basic Render Driver' (Feature Level 11_0)
[2019.11.06-22.02.58:605][  0]LogD3D11RHI:       0/0/8153 MB DedicatedVideo/DedicatedSystem/SharedSystem, Outputs:0, VendorId:0x1414
[2019.11.06-22.02.58:605][  0]LogD3D11RHI: Chosen D3D11 Adapter: 0
[2019.11.06-22.02.58:668][  0]LogD3D11RHI: Creating new Direct3DDevice
[2019.11.06-22.02.58:668][  0]LogD3D11RHI:     GPU DeviceId: 0x1b81 (for the marketing name, search the web for "GPU Device Id")
[2019.11.06-22.02.58:668][  0]LogWindows: EnumDisplayDevices:
[2019.11.06-22.02.58:668][  0]LogWindows:    0. 'NVIDIA GeForce GTX 1070' (P:1 D:1)
[2019.11.06-22.02.58:669][  0]LogWindows:    1. 'NVIDIA GeForce GTX 1070' (P:0 D:1)
[2019.11.06-22.02.58:670][  0]LogWindows:    2. 'NVIDIA GeForce GTX 1070' (P:0 D:0)
[2019.11.06-22.02.58:670][  0]LogWindows:    3. 'NVIDIA GeForce GTX 1070' (P:0 D:0)
[2019.11.06-22.02.58:670][  0]LogWindows: DebugString: FoundDriverCount:4 
[2019.11.06-22.02.58:670][  0]LogD3D11RHI:     Adapter Name: NVIDIA GeForce GTX 1070
[2019.11.06-22.02.58:671][  0]LogD3D11RHI:   Driver Version: 398.11 (internal:24.21.13.9811, unified:398.11)
[2019.11.06-22.02.58:671][  0]LogD3D11RHI:      Driver Date: 6-1-2018
[2019.11.06-22.02.58:671][  0]LogRHI: Texture pool is 1361 MB (70% of 1945 MB)
[2019.11.06-22.02.58:942][  0]LogD3D11RHI: Async texture creation enabled
[2019.11.06-22.02.59:932][  0]LogD3D11RHI: GPU Timing Frequency: 1000.000000 (Debug: 2 8)
[2019.11.06-22.03.00:399][  0]LogShaderCompilers: Guid format shader working directory is -17 characters bigger than the processId version (../../../../../../Users/Public/Public Projects/DemoCornholeWilliam/Intermediate/Shaders/WorkingDirectory/93636/).
[2019.11.06-22.03.00:400][  0]LogShaderCompilers: Cleaned the shader compiler working directory 'C:/Users/delo.5/AppData/Local/Temp/27/UnrealShaderWorkingDir/D16B4A28472691C9C5AB7E893077A918/'.
[2019.11.06-22.03.00:501][  0]LogShaderCompilers: Display: Using Local Shader Compiler.
[2019.11.06-22.03.14:616][  0]LogTemp: Display: Loaded TP AllDesktopTargetPlatform
[2019.11.06-22.03.14:990][  0]LogTemp: Display: Loaded TP MacClientTargetPlatform
[2019.11.06-22.03.15:312][  0]LogTemp: Display: Loaded TP MacNoEditorTargetPlatform
[2019.11.06-22.03.15:673][  0]LogTemp: Display: Loaded TP MacServerTargetPlatform
[2019.11.06-22.03.16:044][  0]LogTemp: Display: Loaded TP MacTargetPlatform
[2019.11.06-22.03.16:394][  0]LogTemp: Display: Loaded TP WindowsClientTargetPlatform
[2019.11.06-22.03.16:738][  0]LogTemp: Display: Loaded TP WindowsNoEditorTargetPlatform
[2019.11.06-22.03.17:072][  0]LogTemp: Display: Loaded TP WindowsServerTargetPlatform
[2019.11.06-22.03.17:512][  0]LogTemp: Display: Loaded TP WindowsTargetPlatform
[2019.11.06-22.03.17:906][  0]LogTemp: Display: Loaded TP AndroidTargetPlatform
[2019.11.06-22.03.18:287][  0]LogTemp: Display: Loaded TP Android_ASTCTargetPlatform
[2019.11.06-22.03.18:638][  0]LogTemp: Display: Loaded TP Android_ATCTargetPlatform
[2019.11.06-22.03.18:955][  0]LogTemp: Display: Loaded TP Android_DXTTargetPlatform
[2019.11.06-22.03.19:323][  0]LogTemp: Display: Loaded TP Android_ETC1TargetPlatform
[2019.11.06-22.03.19:691][  0]LogTemp: Display: Loaded TP Android_ETC2TargetPlatform
[2019.11.06-22.03.20:469][  0]LogTemp: Display: Loaded TP Android_MultiTargetPlatform
[2019.11.06-22.03.20:469][  0]LogTemp: Display: Loaded TP Android_PVRTCTargetPlatform
[2019.11.06-22.03.20:864][  0]LogTemp: Display: Loaded TP HTML5TargetPlatform
[2019.11.06-22.03.21:916][  0]LogTemp: Display: Loaded TP IOSTargetPlatform
[2019.11.06-22.03.22:114][  0]LogTemp: Display: Loaded TP TVOSTargetPlatform
[2019.11.06-22.03.22:478][  0]LogTemp: Display: Loaded TP LinuxClientTargetPlatform
[2019.11.06-22.03.22:853][  0]LogTemp: Display: Loaded TP LinuxNoEditorTargetPlatform
[2019.11.06-22.03.23:213][  0]LogTemp: Display: Loaded TP LinuxServerTargetPlatform
[2019.11.06-22.03.23:631][  0]LogTemp: Display: Loaded TP LinuxTargetPlatform
[2019.11.06-22.03.23:631][  0]LogTargetPlatformManager: Display: Building Assets For Windows
[2019.11.06-22.03.31:376][  0]LogDerivedDataCache: Display: Max Cache Size: 512 MB
[2019.11.06-22.03.44:163][  0]LogDerivedDataCache: Loaded boot cache 12.79s 93MB C:/Users/delo.5/AppData/Local/UnrealEngine/4.17/DerivedDataCache/Boot.ddc.
[2019.11.06-22.03.44:163][  0]LogDerivedDataCache: Display: Loaded Boot cache: C:/Users/delo.5/AppData/Local/UnrealEngine/4.17/DerivedDataCache/Boot.ddc
[2019.11.06-22.03.44:163][  0]LogDerivedDataCache: FDerivedDataBackendGraph:  Pak pak cache file ../../../../../../Users/Public/Public Projects/DemoCornholeWilliam/DerivedDataCache/DDC.ddp not found, will not use a pak cache.
[2019.11.06-22.03.44:163][  0]LogDerivedDataCache: Unable to find inner node Pak for hierarchical cache Hierarchy.
[2019.11.06-22.03.44:164][  0]LogDerivedDataCache: FDerivedDataBackendGraph:  CompressedPak pak cache file ../../../../../../Users/Public/Public Projects/DemoCornholeWilliam/DerivedDataCache/Compressed.ddp not found, will not use a pak cache.
[2019.11.06-22.03.44:164][  0]LogDerivedDataCache: Unable to find inner node CompressedPak for hierarchical cache Hierarchy.
[2019.11.06-22.03.44:431][  0]LogDerivedDataCache: Display: Pak cache opened for reading ../../../Engine/DerivedDataCache/Compressed.ddp.
[2019.11.06-22.03.44:445][  0]LogDerivedDataCache: Using Local data cache path C:/Users/delo.5/AppData/Local/UnrealEngine/Common/DerivedDataCache: Writable
[2019.11.06-22.03.44:710][  0]LogMaterial: Verifying Global Shaders for PCD3D_SM5
[2019.11.06-22.03.45:009][  0]LogSlate: Using Freetype 2.6.0
[2019.11.06-22.03.45:108][  0]LogSlate: SlateFontCache - WITH_FREETYPE: 1, WITH_HARFBUZZ: 1
[2019.11.06-22.03.45:137][  0]LogSlate: SlateFontCache - WITH_FREETYPE: 1, WITH_HARFBUZZ: 1
[2019.11.06-22.04.20:814][  0]LogAssetRegistry: FAssetRegistry took 0.2686 seconds to start up
[2019.11.06-22.04.23:796][  0]LogAssetRegistry: Error: Failed to open file for write ../../../../../../Users/Public/Public Projects/DemoCornholeWilliam/Intermediate/CachedAssetRegistry.bin
[2019.11.06-22.04.23:796][  0]LogInit: Selected Device Profile: [Windows]
[2019.11.06-22.04.32:387][  0]LogContentStreaming: Texture pool size is 0.00 MB
[2019.11.06-22.04.37:367][  0]LogSimplygon: Simplygon DLL not present - disabling.
[2019.11.06-22.04.37:712][  0]LogMeshReduction: Using SimplygonSwarm for distributed automatic mesh merging
[2019.11.06-22.04.37:745][  0]LogMeshReduction: Using QuadricMeshReduction for automatic static mesh reduction
[2019.11.06-22.04.37:745][  0]LogMeshReduction: No automatic skeletal mesh reduction module available
[2019.11.06-22.04.37:745][  0]LogMeshReduction: No automatic mesh merging module available
[2019.11.06-22.04.37:745][  0]LogMeshMerging: No automatic mesh merging module available
[2019.11.06-22.04.49:063][  0]LogNetVersion: DemoCornholeWilliam , NetCL: 3573198, EngineNetVer: 2, GameNetVer: 0 (Checksum: 2607560606)
[2019.11.06-22.04.53:956][  0]LogAssetRegistry: Error: Failed to open file for write ../../../../../../Users/Public/Public Projects/DemoCornholeWilliam/Intermediate/AssetRegistryCache/5a627529.bin
[2019.11.06-22.04.54:076][  0]LogAssetRegistry: Error: Failed to open file for write ../../../../../../Users/Public/Public Projects/DemoCornholeWilliam/Intermediate/AssetRegistryCache/866581fd.bin
[2019.11.06-22.04.54:092][  0]LogAssetRegistry: Error: Failed to open file for write ../../../../../../Users/Public/Public Projects/DemoCornholeWilliam/Intermediate/AssetRegistryCache/94c5d5a7.bin
[2019.11.06-22.04.54:167][  0]LogAssetRegistry: Error: Failed to open file for write ../../../../../../Users/Public/Public Projects/DemoCornholeWilliam/Intermediate/AssetRegistryCache/f0d5030c.bin
[2019.11.06-22.04.54:193][  0]LogAssetRegistry: Error: Failed to open file for write ../../../../../../Users/Public/Public Projects/DemoCornholeWilliam/Intermediate/AssetRegistryCache/bf121eca.bin
[2019.11.06-22.04.54:204][  0]LogPackageLocalizationCache: Processed 5 localized package path(s) for 2 prioritized culture(s) in 0.267911 seconds
[2019.11.06-22.04.54:228][  0]LogUObjectArray: 35825 objects as part of root set at end of initial load.
[2019.11.06-22.04.54:228][  0]LogUObjectAllocator: 7529104 out of 0 bytes used by permanent object pool.
[2019.11.06-22.04.54:228][  0]LogUObjectArray: CloseDisregardForGC: 0/0 objects in disregard for GC pool
[2019.11.06-22.04.54:921][  0]LogInit: WinSock: version 1.1 (2.2), MaxSocks=32767, MaxUdp=65467
[2019.11.06-22.06.00:327][  0]LogTcpMessaging: Initializing TcpMessaging bridge
[2019.11.06-22.06.00:558][  0]LogUdpMessaging: Initializing bridge on interface 0.0.0.0:0 to multicast group 230.0.0.1:6666.
[2019.11.06-22.06.08:517][  0]LogConfig: Warning: Failed to saved backup for config[InternationalizationExport]
[2019.11.06-22.06.10:005][  0]LogMaterial: Uniform references updated for custom material expression Custom.
[2019.11.06-22.06.14:749][  0]SourceControl: Source control is disabled
[2019.11.06-22.06.14:749][  0]SourceControl: Source control is disabled
[2019.11.06-22.06.15:365][  0]SourceControl: Source control is disabled
[2019.11.06-22.06.15:903][  0]SourceControl: Source control is disabled
[2019.11.06-22.06.23:932][  0]LogAndroidPermission: UAndroidPermissionCallbackProxy::GetInstance
[2019.11.06-22.06.26:196][  0]LogOcInput: OculusInput pre-init called
[2019.11.06-22.06.29:638][  0]LogEngine: Initializing Engine...
[2019.11.06-22.06.29:748][  0]LogHMD: Oculus plugin initialized. Version: 4.17.2-3658906+++UE4+Release-4.17, OVRPlugin: 1.15.0
[2019.11.06-22.06.31:657][  0]LogStats: UGameplayTagsManager::ConstructGameplayTagTree: Construct from data asset -  0.000 s
[2019.11.06-22.06.31:671][  0]LogStats: UGameplayTagsManager::ConstructGameplayTagTree: GameplayTagTreeChangedEvent.Broadcast -  0.014 s
[2019.11.06-22.06.34:072][  0]LogAIModule: Creating AISystem for world Untitled
[2019.11.06-22.06.34:796][  0]LogInit: XAudio2 using 'Speakers / Headphones (Realtek Audio)' : 2 channels at 48 kHz using 32 bits per sample (channel mask 0x3)
[2019.11.06-22.06.35:101][  0]LogInit: FAudioDevice initialized.
[2019.11.06-22.06.35:118][  0]LogDerivedDataCache: Error: Could not save memory cache C:/Users/delo.5/AppData/Local/UnrealEngine/4.17/DerivedDataCache/Boot.ddc.
[2019.11.06-22.06.35:932][  0]LogInit: Texture streaming: Enabled
[2019.11.06-22.06.38:710][  0]LogEngineSessionManager: EngineSessionManager initialized
[2019.11.06-22.06.42:354][  0]LogInit: Transaction tracking system initialized
[2019.11.06-22.06.46:436][  0]BlueprintLog: New page: Editor Load
[2019.11.06-22.07.00:768][  0]LogConfig: Warning: Failed to saved backup for config[LocalizationServiceSettings]
[2019.11.06-22.07.00:773][  0]LogConfig: Warning: Failed to saved backup for config[LocalizationServiceSettings]
[2019.11.06-22.07.00:798][  0]LocalizationService: Localization service is disabled
[2019.11.06-22.07.11:563][  0]LogConsoleResponse: Display: 
[2019.11.06-22.07.16:063][  0]LogFileCache: Scanning file cache for directory 'C:/Users/Public/Public Projects/DemoCornholeWilliam/Content/' took 0.03s
[2019.11.06-22.07.16:064][  0]LogCook: Display: Max memory allowance for cook 16384mb min free memory 0mb
[2019.11.06-22.07.16:064][  0]LogCook: Display: Mobile HDR setting 1
[2019.11.06-22.07.16:161][  0]LogGameplayTags: Display: UGameplayTagsManager::DoneAddingNativeTags. DelegateIsBound: 0
[2019.11.06-22.07.28:990][  0]SourceControl: Source control is disabled
[2019.11.06-22.07.29:143][  0]Cmd: MAP LOAD FILE="../../../../../../Users/Public/Public Projects/DemoCornholeWilliam/Content/VirtualRealityBP/Maps/StartupMap.umap" TEMPLATE=0 SHOWPROGRESS=1 FEATURELEVEL=3
[2019.11.06-22.07.29:236][  0]LightingResults: New page: Lighting Build
[2019.11.06-22.07.29:672][  0]MapCheck: New page: Map Check
[2019.11.06-22.07.29:672][  0]LightingResults: New page: Lighting Build
[2019.11.06-22.07.36:163][  0]LogAIModule: Creating AISystem for world StartupMap
[2019.11.06-22.07.38:653][  0]LogEditorServer: Finished looking for orphan Actors (0.000 secs)
[2019.11.06-22.07.38:840][  0]Cmd: MAP CHECKDEP NOCLEARLOG
[2019.11.06-22.07.39:056][  0]MapCheck: Map check complete: 0 Error(s), 0 Warning(s), took 215.258ms to complete.
[2019.11.06-22.07.39:056][  0]LogFileHelpers: Loading map 'StartupMap' took 9.971
[2019.11.06-22.07.42:647][  0]LogCollectionManager: Loaded 0 collections in 0.010545 seconds
[2019.11.06-22.07.44:174][  0]LogFileCache: Scanning file cache for directory 'C:/Users/Public/Public Projects/DemoCornholeWilliam/Saved/Collections/' took 0.01s
[2019.11.06-22.07.44:174][  0]LogFileCache: Scanning file cache for directory 'C:/Users/Public/Public Projects/DemoCornholeWilliam/Content/Developers/delo5/Collections/' took 0.01s
[2019.11.06-22.07.44:174][  0]LogFileCache: Scanning file cache for directory 'C:/Users/Public/Public Projects/DemoCornholeWilliam/Content/Collections/' took 0.01s
[2019.11.06-22.07.44:174][  0]LogCollectionManager: Rebuilt the GUID cache for 0 collections in 0.000001 seconds
[2019.11.06-22.07.44:319][  0]LogContentBrowser: Native class hierarchy populated in 0.0395 seconds. Added 2386 classes and 500 folders.
[2019.11.06-22.07.45:124][  0]LogContentBrowser: Native class hierarchy updated for 'WidgetCarousel' in 0.0167 seconds. Added 0 classes and 0 folders.
[2019.11.06-22.07.47:961][  0]LogContentBrowser: Native class hierarchy updated for 'AddContentDialog' in 0.0008 seconds. Added 0 classes and 0 folders.
[2019.11.06-22.07.48:646][  0]LogContentBrowser: Native class hierarchy updated for 'SceneOutliner' in 0.0009 seconds. Added 1 classes and 2 folders.
[2019.11.06-22.07.50:553][  0]LogSlate: Took 0.032526 seconds to synchronously load lazily loaded font '../../../Engine/Content/Slate/Fonts/Roboto-Regular.ttf' (155K)
[2019.11.06-22.07.50:646][  0]LogSlate: Took 0.050248 seconds to synchronously load lazily loaded font '../../../Engine/Content/Slate/Fonts/Roboto-Bold.ttf' (160K)
[2019.11.06-22.07.50:776][  0]LogSlate: Took 0.058376 seconds to synchronously load lazily loaded font '../../../Engine/Content/Editor/Slate/Fonts/FontAwesome.ttf' (139K)
[2019.11.06-22.07.51:702][  0]LogRenderer: Reallocating scene render targets to support 1616x808 Format 26 NumSamples 1 (Frame:1).
[2019.11.06-22.07.54:264][  0]LogContentBrowser: Native class hierarchy updated for 'HierarchicalLODOutliner' in 0.0009 seconds. Added 1 classes and 2 folders.
[2019.11.06-22.07.54:264][  0]LogLoad: (Engine Initialization) Total time: 333.66 seconds
[2019.11.06-22.07.54:264][  0]LogLoad: (Engine Initialization) Total Blueprint compile time: 0.00 seconds
[2019.11.06-22.07.54:292][  0]LogExternalProfiler: No external profilers were discovered.  External profiling features will not be available.
[2019.11.06-22.07.54:689][  0]LogOcInput: OculusInput is initialized
[2019.11.06-22.07.54:723][  0]LogContentStreaming: Texture pool size now 1000 MB
[2019.11.06-22.07.55:342][  2]LogAssetRegistry: Asset discovery search completed in 214.6383 seconds
[2019.11.06-22.07.55:344][  2]LogCollectionManager: Rebuilt the object cache for 0 collections in 0.000001 seconds (found 0 objects)
[2019.11.06-22.07.55:344][  2]LogCollectionManager: Fixed up redirectors for 0 collections in 0.000063 seconds (updated 0 objects)
[2019.11.06-22.07.55:677][  3]LogSlate: Took 0.000395 seconds to synchronously load lazily loaded font '../../../Engine/Content/Slate/Fonts/Roboto-Light.ttf' (159K)
[2019.11.06-22.15.13:641][428]Cmd: QUIT_EDITOR
[2019.11.06-22.15.13:671][428]LogWindowsTextInputMethodSystem: Display: IME system now deactivated.
[2019.11.06-22.15.13:685][428]LogExit: Preparing to exit.
[2019.11.06-22.15.14:155][428]LogDirectoryWatcher: A directory notification for 'C:/Users/Public/Public Projects/DemoCornholeWilliam/Content/' was aborted.
[2019.11.06-22.15.14:184][428]LogExit: Editor shut down
[2019.11.06-22.15.14:189][428]LogExit: Transaction tracking system shut down
[2019.11.06-22.15.14:340][428]LogDirectoryWatcher: A directory notification for '../../../Engine/Content/' was aborted.
[2019.11.06-22.15.14:340][428]LogDirectoryWatcher: A directory notification for '../../../../../../Users/Public/Public Projects/DemoCornholeWilliam/Content/' was aborted.
[2019.11.06-22.15.14:340][428]LogDirectoryWatcher: A directory notification for '../../../Engine/Plugins/2D/Paper2D/Content/' was aborted.
[2019.11.06-22.15.14:340][428]LogDirectoryWatcher: A directory notification for '../../../Engine/Plugins/Runtime/Oculus/OculusVR/Content/' was aborted.
[2019.11.06-22.15.14:340][428]LogDirectoryWatcher: A directory notification for '../../../Engine/Plugins/Runtime/Steam/SteamVR/Content/' was aborted.
[2019.11.06-22.15.14:396][428]LogExit: Object subsystem successfully closed.
[2019.11.06-22.15.14:426][428]LogD3D11RHI: Shutdown
[2019.11.06-22.15.14:426][428]LogD3D11RHI: CleanupD3DDevice
[2019.11.06-22.15.14:585][428]LogD3D11RHI: ~FD3D11DynamicRHI
[2019.11.06-22.15.14:672][428]LogModuleManager: Shutting down and abandoning module HierarchicalLODOutliner (530)
[2019.11.06-22.15.14:673][428]LogModuleManager: Shutting down and abandoning module SceneOutliner (528)
[2019.11.06-22.15.14:673][428]LogModuleManager: Shutting down and abandoning module AddContentDialog (526)
[2019.11.06-22.15.14:673][428]LogDirectoryWatcher: A directory notification for 'C:/Program Files/Epic Games/UE_4.17/FeaturePacks/' was aborted.
[2019.11.06-22.15.14:674][428]LogModuleManager: Shutting down and abandoning module WidgetCarousel (525)
[2019.11.06-22.15.14:674][428]LogModuleManager: Shutting down and abandoning module EditorWidgets (522)
[2019.11.06-22.15.14:674][428]LogModuleManager: Shutting down and abandoning module CollectionManager (520)
[2019.11.06-22.15.14:674][428]LogDirectoryWatcher: A directory notification for 'C:/Users/Public/Public Projects/DemoCornholeWilliam/Content/Collections/' was aborted.
[2019.11.06-22.15.14:674][428]LogDirectoryWatcher: A directory notification for 'C:/Users/Public/Public Projects/DemoCornholeWilliam/Content/Developers/delo5/Collections/' was aborted.
[2019.11.06-22.15.14:674][428]LogDirectoryWatcher: A directory notification for 'C:/Users/Public/Public Projects/DemoCornholeWilliam/Saved/Collections/' was aborted.
[2019.11.06-22.15.14:674][428]LogModuleManager: Shutting down and abandoning module StatsViewer (518)
[2019.11.06-22.15.14:674][428]LogModuleManager: Shutting down and abandoning module FoliageEdit (516)
[2019.11.06-22.15.14:674][428]LogModuleManager: Shutting down and abandoning module LandscapeEditor (514)
[2019.11.06-22.15.14:675][428]LogModuleManager: Shutting down and abandoning module MeshPaintMode (512)
[2019.11.06-22.15.14:675][428]LogModuleManager: Shutting down and abandoning module SceneDepthPickerMode (510)
[2019.11.06-22.15.14:675][428]LogModuleManager: Shutting down and abandoning module ActorPickerMode (508)
[2019.11.06-22.15.14:675][428]LogModuleManager: Shutting down and abandoning module GeometryMode (506)
[2019.11.06-22.15.14:675][428]LogModuleManager: Shutting down and abandoning module TextureAlignMode (504)
[2019.11.06-22.15.14:675][428]LogModuleManager: Shutting down and abandoning module BspMode (502)
[2019.11.06-22.15.14:675][428]LogModuleManager: Shutting down and abandoning module PIEPreviewDeviceProfileSelector (500)
[2019.11.06-22.15.14:675][428]LogModuleManager: Shutting down and abandoning module HardwareSurvey (498)
[2019.11.06-22.15.14:675][428]LogModuleManager: Shutting down and abandoning module SequenceRecorderSections (496)
[2019.11.06-22.15.14:675][428]LogModuleManager: Shutting down and abandoning module AutomationWorker (494)
[2019.11.06-22.15.14:675][428]LogModuleManager: Shutting down and abandoning module MatineeToLevelSequence (492)
[2019.11.06-22.15.14:675][428]LogModuleManager: Shutting down and abandoning module LevelSequenceEditor (490)
[2019.11.06-22.15.14:675][428]LogModuleManager: Shutting down and abandoning module PlacementMode (489)
[2019.11.06-22.15.14:675][428]LogModuleManager: Shutting down and abandoning module WmfMediaFactory (486)
[2019.11.06-22.15.14:675][428]LogModuleManager: Shutting down and abandoning module WmfMediaEditor (484)
[2019.11.06-22.15.14:675][428]LogModuleManager: Shutting down and abandoning module AvfMediaFactory (482)
[2019.11.06-22.15.14:675][428]LogModuleManager: Shutting down and abandoning module AvfMediaEditor (480)
[2019.11.06-22.15.14:675][428]LogModuleManager: Shutting down and abandoning module AndroidMediaFactory (478)
[2019.11.06-22.15.14:675][428]LogModuleManager: Shutting down and abandoning module Media (477)
[2019.11.06-22.15.14:675][428]LogModuleManager: Shutting down and abandoning module AndroidMediaEditor (474)
[2019.11.06-22.15.14:675][428]LogModuleManager: Shutting down and abandoning module CharacterAI (472)
[2019.11.06-22.15.14:675][428]LogModuleManager: Shutting down and abandoning module AudioCapture (470)
[2019.11.06-22.15.14:675][428]LogModuleManager: Shutting down and abandoning module SequenceRecorder (469)
[2019.11.06-22.15.14:675][428]LogModuleManager: Shutting down and abandoning module SmartSnapping (466)
[2019.11.06-22.15.14:675][428]LogModuleManager: Shutting down and abandoning module SessionServices (464)
[2019.11.06-22.15.14:675][428]LogModuleManager: Shutting down and abandoning module ViewportSnapping (462)
[2019.11.06-22.15.14:675][428]LogModuleManager: Shutting down and abandoning module ViewportInteraction (460)
[2019.11.06-22.15.14:675][428]LogModuleManager: Shutting down and abandoning module ClothPainter (458)
[2019.11.06-22.15.14:676][428]LogModuleManager: Shutting down and abandoning module LogVisualizer (456)
[2019.11.06-22.15.14:676][428]LogModuleManager: Shutting down and abandoning module IntroTutorials (454)
[2019.11.06-22.15.14:676][428]LogModuleManager: Shutting down and abandoning module GameProjectGeneration (453)
[2019.11.06-22.15.14:676][428]LogModuleManager: Shutting down and abandoning module IOSPlatformEditor (450)
[2019.11.06-22.15.14:676][428]LogModuleManager: Shutting down and abandoning module HTML5PlatformEditor (448)
[2019.11.06-22.15.14:676][428]LogModuleManager: Shutting down and abandoning module AndroidPlatformEditor (446)
[2019.11.06-22.15.14:676][428]LogModuleManager: Shutting down and abandoning module AndroidDeviceDetection (445)
[2019.11.06-22.15.15:370][428]LogModuleManager: Shutting down and abandoning module WindowsPlatformEditor (442)
[2019.11.06-22.15.15:370][428]LogModuleManager: Shutting down and abandoning module IOSRuntimeSettings (440)
[2019.11.06-22.15.15:370][428]LogModuleManager: Shutting down and abandoning module AndroidRuntimeSettings (438)
[2019.11.06-22.15.15:370][428]LogModuleManager: Shutting down and abandoning module InputBindingEditor (436)
[2019.11.06-22.15.15:370][428]LogModuleManager: Shutting down and abandoning module MergeActors (434)
[2019.11.06-22.15.15:370][428]LogModuleManager: Shutting down and abandoning module SizeMap (432)
[2019.11.06-22.15.15:370][428]LogModuleManager: Shutting down and abandoning module TreeMap (430)
[2019.11.06-22.15.15:370][428]LogModuleManager: Shutting down and abandoning module ReferenceViewer (428)
[2019.11.06-22.15.15:370][428]LogModuleManager: Shutting down and abandoning module LocalizationDashboard (426)
[2019.11.06-22.15.15:370][428]LogModuleManager: Shutting down and abandoning module LocalizationService (425)
[2019.11.06-22.15.15:370][428]LogModuleManager: Shutting down and abandoning module HardwareTargeting (422)
[2019.11.06-22.15.15:370][428]LogModuleManager: Shutting down and abandoning module DeviceProfileEditor (420)
[2019.11.06-22.15.15:371][428]LogModuleManager: Shutting down and abandoning module UndoHistory (418)
[2019.11.06-22.15.15:371][428]LogModuleManager: Shutting down and abandoning module XmlParser (416)
[2019.11.06-22.15.15:371][428]LogModuleManager: Shutting down and abandoning module Blutility (414)
[2019.11.06-22.15.15:371][428]LogModuleManager: Shutting down and abandoning module ProjectSettingsViewer (412)
[2019.11.06-22.15.15:371][428]LogModuleManager: Shutting down and abandoning module ProjectTargetPlatformEditor (411)
[2019.11.06-22.15.15:371][428]LogModuleManager: Shutting down and abandoning module EditorSettingsViewer (408)
[2019.11.06-22.15.15:371][428]LogModuleManager: Shutting down and abandoning module SettingsEditor (406)
[2019.11.06-22.15.15:371][428]LogModuleManager: Shutting down and abandoning module ProjectLauncher (404)
[2019.11.06-22.15.15:371][428]LogModuleManager: Shutting down and abandoning module SessionFrontend (402)
[2019.11.06-22.15.15:371][428]LogModuleManager: Shutting down and abandoning module ProfilerClient (400)
[2019.11.06-22.15.15:371][428]LogModuleManager: Shutting down and abandoning module DeviceManager (398)
[2019.11.06-22.15.15:371][428]LogModuleManager: Shutting down and abandoning module TargetDeviceServices (397)
[2019.11.06-22.15.15:424][428]LogModuleManager: Shutting down and abandoning module AutomationController (394)
[2019.11.06-22.15.15:424][428]LogModuleManager: Shutting down and abandoning module AutomationWindow (392)
[2019.11.06-22.15.15:424][428]LogModuleManager: Shutting down and abandoning module Layers (390)
[2019.11.06-22.15.15:424][428]LogModuleManager: Shutting down and abandoning module ComponentVisualizers (388)
[2019.11.06-22.15.15:425][428]LogModuleManager: Shutting down and abandoning module DetailCustomizations (386)
[2019.11.06-22.15.15:425][428]LogModuleManager: Shutting down and abandoning module PackagesDialog (384)
[2019.11.06-22.15.15:425][428]LogModuleManager: Shutting down and abandoning module Persona (382)
[2019.11.06-22.15.15:425][428]LogModuleManager: Shutting down and abandoning module AdvancedPreviewScene (381)
[2019.11.06-22.15.15:425][428]LogModuleManager: Shutting down and abandoning module AnimGraph (379)
[2019.11.06-22.15.15:425][428]LogModuleManager: Shutting down and abandoning module Kismet (376)
[2019.11.06-22.15.15:426][428]LogModuleManager: Shutting down and abandoning module ClassViewer (374)
[2019.11.06-22.15.15:426][428]LogModuleManager: Shutting down and abandoning module Toolbox (372)
[2019.11.06-22.15.15:426][428]LogModuleManager: Shutting down and abandoning module ModuleUI (370)
[2019.11.06-22.15.15:426][428]LogModuleManager: Shutting down and abandoning module MovieSceneTools (368)
[2019.11.06-22.15.15:426][428]LogModuleManager: Shutting down and abandoning module OutputLog (366)
[2019.11.06-22.15.15:426][428]LogModuleManager: Shutting down and abandoning module GammaUI (364)
[2019.11.06-22.15.15:427][428]LogModuleManager: Shutting down and abandoning module Documentation (362)
[2019.11.06-22.15.15:427][428]LogModuleManager: Shutting down and abandoning module MovieSceneTracks (360)
[2019.11.06-22.15.15:427][428]LogModuleManager: Shutting down and abandoning module MovieScene (358)
[2019.11.06-22.15.15:427][428]LogModuleManager: Shutting down and abandoning module Niagara (356)
[2019.11.06-22.15.15:427][428]LogModuleManager: Shutting down and abandoning module NiagaraEditor (355)
[2019.11.06-22.15.15:427][428]LogModuleManager: Shutting down and abandoning module StreamingPauseRendering (352)
[2019.11.06-22.15.15:427][428]LogModuleManager: Shutting down and abandoning module LauncherPlatform (350)
[2019.11.06-22.15.15:427][428]LogModuleManager: Shutting down and abandoning module AnalyticsET (348)
[2019.11.06-22.15.15:427][428]LogModuleManager: Shutting down and abandoning module PortalServices (346)
[2019.11.06-22.15.15:427][428]LogModuleManager: Shutting down and abandoning module PortalRpc (344)
[2019.11.06-22.15.15:427][428]LogModuleManager: Shutting down and abandoning module MessagingRpc (342)
[2019.11.06-22.15.15:427][428]LogModuleManager: Shutting down and abandoning module AIModule (340)
[2019.11.06-22.15.15:427][428]LogModuleManager: Shutting down and abandoning module GameplayDebugger (339)
[2019.11.06-22.15.15:427][428]LogModuleManager: Shutting down and abandoning module AITestSuite (337)
[2019.11.06-22.15.15:427][428]LogModuleManager: Shutting down and abandoning module ProfilerService (334)
[2019.11.06-22.15.15:583][428]LogModuleManager: Shutting down and abandoning module TaskGraph (332)
[2019.11.06-22.15.15:583][428]LogModuleManager: Shutting down and abandoning module SteamVRController (330)
[2019.11.06-22.15.15:583][428]LogModuleManager: Shutting down and abandoning module ProceduralMeshComponentEditor (328)
[2019.11.06-22.15.15:583][428]LogModuleManager: Shutting down and abandoning module ProceduralMeshComponent (326)
[2019.11.06-22.15.15:583][428]LogModuleManager: Shutting down and abandoning module OculusInput (324)
[2019.11.06-22.15.15:583][428]LogModuleManager: Shutting down and abandoning module MobilePatchingUtils (322)
[2019.11.06-22.15.15:583][428]LogModuleManager: Shutting down and abandoning module CustomMeshComponent (320)
[2019.11.06-22.15.15:583][428]LogModuleManager: Shutting down and abandoning module CableComponent (318)
[2019.11.06-22.15.15:583][428]LogModuleManager: Shutting down and abandoning module ArchVisCharacter (316)
[2019.11.06-22.15.15:583][428]LogModuleManager: Shutting down and abandoning module AndroidPermission (314)
[2019.11.06-22.15.15:583][428]LogModuleManager: Shutting down and abandoning module MediaPlayerEditor (310)
[2019.11.06-22.15.15:583][428]LogModuleManager: Shutting down and abandoning module HTML5Networking (308)
[2019.11.06-22.15.15:583][428]LogModuleManager: Shutting down and abandoning module AlembicImporter (306)
[2019.11.06-22.15.15:583][428]LogModuleManager: Shutting down and abandoning module AlembicLibrary (305)
[2019.11.06-22.15.15:584][428]LogModuleManager: Shutting down and abandoning module GeometryCache (304)
[2019.11.06-22.15.15:584][428]LogModuleManager: Shutting down and abandoning module GeometryCacheEd (303)
[2019.11.06-22.15.15:584][428]LogModuleManager: Shutting down and abandoning module SpeedTreeImporter (298)
[2019.11.06-22.15.15:584][428]LogModuleManager: Shutting down and abandoning module PluginBrowser (296)
[2019.11.06-22.15.15:584][428]LogModuleManager: Shutting down and abandoning module MobileLauncherProfileWizard (294)
[2019.11.06-22.15.15:584][428]LogModuleManager: Shutting down and abandoning module VisualStudioSourceCodeAccess (292)
[2019.11.06-22.15.15:584][428]LogModuleManager: Shutting down and abandoning module DesktopPlatform (291)
[2019.11.06-22.15.15:584][428]LogModuleManager: Shutting down and abandoning module UObjectPlugin (288)
[2019.11.06-22.15.15:584][428]LogModuleManager: Shutting down and abandoning module SubversionSourceControl (286)
[2019.11.06-22.15.15:584][428]LogModuleManager: Shutting down and abandoning module PerforceSourceControl (284)
[2019.11.06-22.15.15:584][428]LogModuleManager: Shutting down and abandoning module GitSourceControl (282)
[2019.11.06-22.15.15:584][428]LogModuleManager: Shutting down and abandoning module SourceControl (281)
[2019.11.06-22.15.15:584][428]LogModuleManager: Shutting down and abandoning module LightPropagationVolumeEditor (278)
[2019.11.06-22.15.15:584][428]LogModuleManager: Shutting down and abandoning module PaperTiledImporter (276)
[2019.11.06-22.15.15:584][428]LogModuleManager: Shutting down and abandoning module PaperSpriteSheetImporter (274)
[2019.11.06-22.15.15:584][428]LogModuleManager: Shutting down and abandoning module Paper2DEditor (272)
[2019.11.06-22.15.15:585][428]LogModuleManager: Shutting down and abandoning module MeshPaint (271)
[2019.11.06-22.15.15:585][428]LogModuleManager: Shutting down and abandoning module LevelEditor (269)
[2019.11.06-22.15.15:586][428]LogModuleManager: Shutting down and abandoning module PixelInspectorModule (268)
[2019.11.06-22.15.15:586][428]LogModuleManager: Shutting down and abandoning module MainFrame (266)
[2019.11.06-22.15.15:586][428]LogModuleManager: Shutting down and abandoning module HotReload (265)
[2019.11.06-22.15.15:587][428]LogModuleManager: Shutting down and abandoning module RuntimePhysXCooking (260)
[2019.11.06-22.15.15:587][428]LogModuleManager: Shutting down and abandoning module PhysXVehiclesEditor (258)
[2019.11.06-22.15.15:587][428]LogModuleManager: Shutting down and abandoning module PhysXVehicles (256)
[2019.11.06-22.15.15:587][428]LogModuleManager: Shutting down and abandoning module OculusEditor (254)
[2019.11.06-22.15.15:587][428]LogModuleManager: Shutting down and abandoning module LocationServicesBPLibrary (252)
[2019.11.06-22.15.15:587][428]LogModuleManager: Shutting down and abandoning module ImmediatePhysicsEditor (250)
[2019.11.06-22.15.15:587][428]LogModuleManager: Shutting down and abandoning module ImmediatePhysics (248)
[2019.11.06-22.15.15:587][428]LogModuleManager: Shutting down and abandoning module UdpMessaging (246)
[2019.11.06-22.15.15:688][428]LogModuleManager: Shutting down and abandoning module TcpMessaging (244)
[2019.11.06-22.15.15:789][428]LogModuleManager: Shutting down and abandoning module GameplayTagsEditor (242)
[2019.11.06-22.15.15:789][428]LogModuleManager: Shutting down and abandoning module FacialAnimationEditor (240)
[2019.11.06-22.15.15:789][428]LogModuleManager: Shutting down and abandoning module FacialAnimation (238)
[2019.11.06-22.15.15:789][428]LogModuleManager: Shutting down and abandoning module AssetManagerEditor (236)
[2019.11.06-22.15.15:789][428]LogModuleManager: Shutting down and abandoning module GraphEditor (235)
[2019.11.06-22.15.15:789][428]LogModuleManager: Shutting down and abandoning module ContentBrowser (233)
[2019.11.06-22.15.15:791][428]LogModuleManager: Shutting down and abandoning module LightPropagationVolumeRuntime (230)
[2019.11.06-22.15.15:791][428]LogModuleManager: Shutting down and abandoning module Paper2D (228)
[2019.11.06-22.15.15:791][428]LogModuleManager: Shutting down and abandoning module WindowsMoviePlayer (226)
[2019.11.06-22.15.15:791][428]LogModuleManager: Shutting down and abandoning module WmfMedia (224)
[2019.11.06-22.15.15:791][428]LogModuleManager: Shutting down and abandoning module PacketHandler (222)
[2019.11.06-22.15.15:791][428]LogModuleManager: Shutting down and abandoning module ClothingSystemEditor (220)
[2019.11.06-22.15.15:791][428]LogModuleManager: Shutting down and abandoning module ClothingSystemRuntime (218)
[2019.11.06-22.15.15:791][428]LogModuleManager: Shutting down and abandoning module Overlay (216)
[2019.11.06-22.15.15:791][428]LogModuleManager: Shutting down and abandoning module OverlayEditor (215)
[2019.11.06-22.15.15:792][428]LogModuleManager: Shutting down and abandoning module MediaAssets (212)
[2019.11.06-22.15.15:792][428]LogModuleManager: Shutting down and abandoning module VREditor (210)
[2019.11.06-22.15.15:792][428]LogModuleManager: Shutting down and abandoning module StringTableEditor (208)
[2019.11.06-22.15.15:792][428]LogModuleManager: Shutting down and abandoning module GameplayTasksEditor (206)
[2019.11.06-22.15.15:792][428]LogModuleManager: Shutting down and abandoning module BehaviorTreeEditor (204)
[2019.11.06-22.15.15:792][428]LogModuleManager: Shutting down and abandoning module FunctionalTesting (202)
[2019.11.06-22.15.15:792][428]LogModuleManager: Shutting down and abandoning module CollisionAnalyzer (200)
[2019.11.06-22.15.15:792][428]LogModuleManager: Shutting down and abandoning module WorkspaceMenuStructure (199)
[2019.11.06-22.15.15:792][428]LogModuleManager: Shutting down and abandoning module UMG (196)
[2019.11.06-22.15.15:792][428]LogModuleManager: Shutting down and abandoning module UMGEditor (195)
[2019.11.06-22.15.15:792][428]LogModuleManager: Shutting down and abandoning module Sequencer (194)
[2019.11.06-22.15.15:792][428]LogModuleManager: Shutting down and abandoning module MessageLog (191)
[2019.11.06-22.15.15:793][428]LogModuleManager: Shutting down and abandoning module SlateReflector (186)
[2019.11.06-22.15.15:793][428]LogModuleManager: Shutting down and abandoning module Slate (184)
[2019.11.06-22.15.15:793][428]LogModuleManager: Shutting down and abandoning module EditorStyle (182)
[2019.11.06-22.15.15:801][428]LogModuleManager: Shutting down and abandoning module MRMesh (180)
[2019.11.06-22.15.15:801][428]LogModuleManager: Shutting down and abandoning module SourceCodeAccess (178)
[2019.11.06-22.15.15:801][428]LogModuleManager: Shutting down and abandoning module HeadMountedDisplay (176)
[2019.11.06-22.15.15:801][428]LogModuleManager: Shutting down and abandoning module XAudio2 (174)
[2019.11.06-22.15.15:801][428]LogModuleManager: Shutting down and abandoning module Networking (172)
[2019.11.06-22.15.15:801][428]LogModuleManager: Shutting down and abandoning module Core (168)
[2019.11.06-22.15.15:801][428]LogModuleManager: Shutting down and abandoning module KismetCompiler (164)
[2019.11.06-22.15.15:801][428]LogModuleManager: Shutting down and abandoning module LevelSequence (162)
[2019.11.06-22.15.15:801][428]LogModuleManager: Shutting down and abandoning module MeshUtilities (160)
[2019.11.06-22.15.15:801][428]LogModuleManager: Shutting down and abandoning module MeshMergeUtilities (159)
[2019.11.06-22.15.15:801][428]LogModuleManager: Shutting down and abandoning module MeshReductionInterface (158)
[2019.11.06-22.15.15:801][428]LogModuleManager: Shutting down and abandoning module SimplygonSwarm (157)
[2019.11.06-22.15.15:801][428]LogModuleManager: Shutting down and abandoning module SimplygonMeshReduction (155)
[2019.11.06-22.15.15:801][428]LogModuleManager: Shutting down and abandoning module QuadricMeshReduction (153)
[2019.11.06-22.15.15:802][428]LogModuleManager: Shutting down and abandoning module MaterialBaking (149)
[2019.11.06-22.15.15:802][428]LogModuleManager: Shutting down and abandoning module DirectoryWatcher (146)
[2019.11.06-22.15.15:803][428]LogModuleManager: Shutting down and abandoning module DerivedDataCache (144)
[2019.11.06-22.15.15:842][428]LogDerivedDataCache: Shutdown
[2019.11.06-22.15.15:842][428]LogModuleManager: Shutting down and abandoning module TargetPlatform (142)
[2019.11.06-22.15.15:843][428]LogModuleManager: Shutting down and abandoning module VulkanShaderFormat (141)
[2019.11.06-22.15.15:843][428]LogModuleManager: Shutting down and abandoning module ShaderFormatVectorVM (139)
[2019.11.06-22.15.15:843][428]LogModuleManager: Shutting down and abandoning module ShaderFormatOpenGL (137)
[2019.11.06-22.15.15:843][428]LogModuleManager: Shutting down and abandoning module ShaderFormatD3D (135)
[2019.11.06-22.15.15:843][428]LogModuleManager: Shutting down and abandoning module MetalShaderFormat (133)
[2019.11.06-22.15.15:843][428]LogModuleManager: Shutting down and abandoning module TextureFormatUncompressed (131)
[2019.11.06-22.15.15:843][428]LogModuleManager: Shutting down and abandoning module TextureFormatPVR (129)
[2019.11.06-22.15.15:843][428]LogModuleManager: Shutting down and abandoning module TextureFormatDXT (127)
[2019.11.06-22.15.15:843][428]LogModuleManager: Shutting down and abandoning module TextureFormatIntelISPCTexComp (125)
[2019.11.06-22.15.15:843][428]LogModuleManager: Shutting down and abandoning module TextureFormatASTC (123)
[2019.11.06-22.15.15:843][428]LogModuleManager: Shutting down and abandoning module ImageWrapper (122)
[2019.11.06-22.15.15:843][428]LogModuleManager: Shutting down and abandoning module TextureFormatAndroid (119)
[2019.11.06-22.15.15:843][428]LogModuleManager: Shutting down and abandoning module AudioFormatOpus (117)
[2019.11.06-22.15.15:843][428]LogModuleManager: Shutting down and abandoning module AudioFormatOgg (115)
[2019.11.06-22.15.15:843][428]LogModuleManager: Shutting down and abandoning module AudioFormatADPCM (113)
[2019.11.06-22.15.15:843][428]LogModuleManager: Shutting down and abandoning module LinuxTargetPlatform (111)
[2019.11.06-22.15.15:843][428]LogModuleManager: Shutting down and abandoning module LinuxServerTargetPlatform (109)
[2019.11.06-22.15.15:843][428]LogModuleManager: Shutting down and abandoning module LinuxNoEditorTargetPlatform (107)
[2019.11.06-22.15.15:843][428]LogModuleManager: Shutting down and abandoning module LinuxClientTargetPlatform (105)
[2019.11.06-22.15.15:843][428]LogModuleManager: Shutting down and abandoning module TVOSTargetPlatform (103)
[2019.11.06-22.15.15:843][428]LogModuleManager: Shutting down and abandoning module Messaging (101)
[2019.11.06-22.15.15:843][428]LogModuleManager: Shutting down and abandoning module IOSTargetPlatform (99)
[2019.11.06-22.15.15:843][428]LogModuleManager: Shutting down and abandoning module HTML5TargetPlatform (97)
[2019.11.06-22.15.15:843][428]LogModuleManager: Shutting down and abandoning module Android_PVRTCTargetPlatform (95)
[2019.11.06-22.15.15:843][428]LogModuleManager: Shutting down and abandoning module Android_MultiTargetPlatform (93)
[2019.11.06-22.15.15:843][428]LogModuleManager: Shutting down and abandoning module Android_ETC2TargetPlatform (91)
[2019.11.06-22.15.15:843][428]LogModuleManager: Shutting down and abandoning module Android_ETC1TargetPlatform (89)
[2019.11.06-22.15.15:843][428]LogModuleManager: Shutting down and abandoning module Android_DXTTargetPlatform (87)
[2019.11.06-22.15.15:843][428]LogModuleManager: Shutting down and abandoning module Android_ATCTargetPlatform (85)
[2019.11.06-22.15.15:843][428]LogModuleManager: Shutting down and abandoning module Android_ASTCTargetPlatform (83)
[2019.11.06-22.15.15:843][428]LogModuleManager: Shutting down and abandoning module AndroidTargetPlatform (81)
[2019.11.06-22.15.15:843][428]LogModuleManager: Shutting down and abandoning module WindowsTargetPlatform (79)
[2019.11.06-22.15.15:843][428]LogModuleManager: Shutting down and abandoning module WindowsServerTargetPlatform (77)
[2019.11.06-22.15.15:843][428]LogModuleManager: Shutting down and abandoning module WindowsNoEditorTargetPlatform (75)
[2019.11.06-22.15.15:843][428]LogModuleManager: Shutting down and abandoning module WindowsClientTargetPlatform (73)
[2019.11.06-22.15.15:843][428]LogModuleManager: Shutting down and abandoning module MacTargetPlatform (71)
[2019.11.06-22.15.15:843][428]LogModuleManager: Shutting down and abandoning module MacServerTargetPlatform (69)
[2019.11.06-22.15.15:843][428]LogModuleManager: Shutting down and abandoning module MacNoEditorTargetPlatform (67)
[2019.11.06-22.15.15:844][428]LogModuleManager: Shutting down and abandoning module MacClientTargetPlatform (65)
[2019.11.06-22.15.15:844][428]LogModuleManager: Shutting down and abandoning module AllDesktopTargetPlatform (63)
[2019.11.06-22.15.15:844][428]LogModuleManager: Shutting down and abandoning module InputCore (60)
[2019.11.06-22.15.15:844][428]LogModuleManager: Shutting down and abandoning module Settings (58)
[2019.11.06-22.15.15:844][428]LogModuleManager: Shutting down and abandoning module PhysXCooking (56)
[2019.11.06-22.15.15:844][428]LogModuleManager: Shutting down and abandoning module SteamVR (54)
[2019.11.06-22.15.15:844][428]LogModuleManager: Shutting down and abandoning module OculusHMD (52)
[2019.11.06-22.15.15:844][428]LogModuleManager: Shutting down and abandoning module ExampleDeviceProfileSelector (50)
[2019.11.06-22.15.15:844][428]LogModuleManager: Shutting down and abandoning module OnlineBlueprintSupport (48)
[2019.11.06-22.15.15:844][428]LogModuleManager: Shutting down and abandoning module OnlineSubsystem (44)
[2019.11.06-22.15.15:844][428]LogOnline: Display: Unloading online subsystem: NULL
[2019.11.06-22.15.15:844][428]LogModuleManager: Shutting down and abandoning module XMPP (43)
[2019.11.06-22.15.15:844][428]LogModuleManager: Shutting down and abandoning module HTTP (41)
[2019.11.06-22.15.15:844][428]LogHttp: Display: Http module shutting down, but needs to wait on 1 outstanding Http requests:
[2019.11.06-22.15.15:844][428]LogHttp: Display: 	verb=[POST] url=[https://datarouter.ol.epicgames.com/datarouter/api/v1/public/data?SessionID=%7BE39369F6-4AEA-AA34-3D33-3CA964336122%7D&AppID=UEEditor.Rocket.Release&AppVersion=4.17.2-3658906%2B%2B%2BUE4%2BRelease-4.17&UserID=49efdd5f4c3acb90be9f068bb0c75aa2%7C52db00745d254fea8bab12cfc87e4316%7Ce413b1eb-509d-454e-92d3-a437e2215fea&AppEnvironment=datacollector-binary&UploadType=eteventstream] status=Processing
[2019.11.06-22.15.15:878][428]LogModuleManager: Shutting down and abandoning module SSL (40)
[2019.11.06-22.15.15:881][428]LogModuleManager: Shutting down and abandoning module AnimationModifiers (36)
[2019.11.06-22.15.15:881][428]LogModuleManager: Shutting down and abandoning module PropertyEditor (35)
[2019.11.06-22.15.15:882][428]LogModuleManager: Shutting down and abandoning module AudioEditor (32)
[2019.11.06-22.15.15:882][428]LogModuleManager: Shutting down and abandoning module TextureCompressor (30)
[2019.11.06-22.15.15:882][428]LogModuleManager: Shutting down and abandoning module ShaderCore (28)
[2019.11.06-22.15.15:882][428]LogModuleManager: Shutting down and abandoning module Landscape (26)
[2019.11.06-22.15.15:882][428]LogModuleManager: Shutting down and abandoning module SlateRHIRenderer (24)
[2019.11.06-22.15.15:883][428]LogModuleManager: Shutting down and abandoning module OpenGLDrv (22)
[2019.11.06-22.15.15:883][428]LogModuleManager: Shutting down and abandoning module D3D11RHI (20)
[2019.11.06-22.15.15:883][428]LogModuleManager: Shutting down and abandoning module AnimGraphRuntime (18)
[2019.11.06-22.15.15:883][428]LogModuleManager: Shutting down and abandoning module Renderer (16)
[2019.11.06-22.15.15:883][428]LogModuleManager: Shutting down and abandoning module Engine (14)
[2019.11.06-22.15.15:883][428]LogModuleManager: Shutting down and abandoning module CoreUObject (12)
[2019.11.06-22.15.15:883][428]LogModuleManager: Shutting down and abandoning module NetworkFile (10)
[2019.11.06-22.15.15:883][428]LogModuleManager: Shutting down and abandoning module CookedIterativeFile (8)
[2019.11.06-22.15.15:883][428]LogModuleManager: Shutting down and abandoning module StreamingFile (6)
[2019.11.06-22.15.15:883][428]LogModuleManager: Shutting down and abandoning module SandboxFile (4)
[2019.11.06-22.15.15:883][428]LogModuleManager: Shutting down and abandoning module PakFile (2)
[2019.11.06-22.15.15:888][428]LogExit: Exiting.
[2019.11.06-22.15.15:908][428]Log file closed, 11/06/19 17:15:15
